<?xml version="1.0" encoding="UTF-8"?>
<testsuite xmlns:xsi="http://www.w3.org/2001/XMLSchema-instance" xsi:noNamespaceSchemaLocation="https://maven.apache.org/surefire/maven-surefire-plugin/xsd/surefire-test-report.xsd" name="Banking.Banking.BankingApplicationTests" time="3.993" tests="1" errors="0" skipped="0" failures="0">
  <properties>
    <property name="sun.desktop" value="gnome"/>
    <property name="awt.toolkit" value="sun.awt.X11.XToolkit"/>
    <property name="java.specification.version" value="10"/>
    <property name="file.encoding.pkg" value="sun.io"/>
    <property name="sun.cpu.isalist" value=""/>
    <property name="sun.jnu.encoding" value="UTF-8"/>
    <property name="java.class.path" value="/home/mans-not-hot/IdeaProjects/Banking/target/test-classes:/home/mans-not-hot/IdeaProjects/Banking/target/classes:/home/mans-not-hot/.m2/repository/de/codecentric/spring-boot-admin-starter-server/2.1.1/spring-boot-admin-starter-server-2.1.1.jar:/home/mans-not-hot/.m2/repository/de/codecentric/spring-boot-admin-server/2.1.1/spring-boot-admin-server-2.1.1.jar:/home/mans-not-hot/.m2/repository/org/springframework/boot/spring-boot-starter-webflux/2.1.1.RELEASE/spring-boot-starter-webflux-2.1.1.RELEASE.jar:/home/mans-not-hot/.m2/repository/org/springframework/boot/spring-boot-starter-json/2.1.1.RELEASE/spring-boot-starter-json-2.1.1.RELEASE.jar:/home/mans-not-hot/.m2/repository/com/fasterxml/jackson/core/jackson-databind/2.9.7/jackson-databind-2.9.7.jar:/home/mans-not-hot/.m2/repository/com/fasterxml/jackson/core/jackson-annotations/2.9.0/jackson-annotations-2.9.0.jar:/home/mans-not-hot/.m2/repository/com/fasterxml/jackson/core/jackson-core/2.9.7/jackson-core-2.9.7.jar:/home/mans-not-hot/.m2/repository/com/fasterxml/jackson/datatype/jackson-datatype-jdk8/2.9.7/jackson-datatype-jdk8-2.9.7.jar:/home/mans-not-hot/.m2/repository/com/fasterxml/jackson/datatype/jackson-datatype-jsr310/2.9.7/jackson-datatype-jsr310-2.9.7.jar:/home/mans-not-hot/.m2/repository/com/fasterxml/jackson/module/jackson-module-parameter-names/2.9.7/jackson-module-parameter-names-2.9.7.jar:/home/mans-not-hot/.m2/repository/org/springframework/boot/spring-boot-starter-reactor-netty/2.1.1.RELEASE/spring-boot-starter-reactor-netty-2.1.1.RELEASE.jar:/home/mans-not-hot/.m2/repository/io/projectreactor/netty/reactor-netty/0.8.3.RELEASE/reactor-netty-0.8.3.RELEASE.jar:/home/mans-not-hot/.m2/repository/io/netty/netty-codec-http/4.1.31.Final/netty-codec-http-4.1.31.Final.jar:/home/mans-not-hot/.m2/repository/io/netty/netty-codec/4.1.31.Final/netty-codec-4.1.31.Final.jar:/home/mans-not-hot/.m2/repository/io/netty/netty-codec-http2/4.1.31.Final/netty-codec-http2-4.1.31.Final.jar:/home/mans-not-hot/.m2/repository/io/netty/netty-handler/4.1.31.Final/netty-handler-4.1.31.Final.jar:/home/mans-not-hot/.m2/repository/io/netty/netty-buffer/4.1.31.Final/netty-buffer-4.1.31.Final.jar:/home/mans-not-hot/.m2/repository/io/netty/netty-transport/4.1.31.Final/netty-transport-4.1.31.Final.jar:/home/mans-not-hot/.m2/repository/io/netty/netty-resolver/4.1.31.Final/netty-resolver-4.1.31.Final.jar:/home/mans-not-hot/.m2/repository/io/netty/netty-handler-proxy/4.1.31.Final/netty-handler-proxy-4.1.31.Final.jar:/home/mans-not-hot/.m2/repository/io/netty/netty-codec-socks/4.1.31.Final/netty-codec-socks-4.1.31.Final.jar:/home/mans-not-hot/.m2/repository/io/netty/netty-transport-native-epoll/4.1.31.Final/netty-transport-native-epoll-4.1.31.Final-linux-x86_64.jar:/home/mans-not-hot/.m2/repository/io/netty/netty-common/4.1.31.Final/netty-common-4.1.31.Final.jar:/home/mans-not-hot/.m2/repository/io/netty/netty-transport-native-unix-common/4.1.31.Final/netty-transport-native-unix-common-4.1.31.Final.jar:/home/mans-not-hot/.m2/repository/org/hibernate/validator/hibernate-validator/6.0.13.Final/hibernate-validator-6.0.13.Final.jar:/home/mans-not-hot/.m2/repository/javax/validation/validation-api/2.0.1.Final/validation-api-2.0.1.Final.jar:/home/mans-not-hot/.m2/repository/org/jboss/logging/jboss-logging/3.3.2.Final/jboss-logging-3.3.2.Final.jar:/home/mans-not-hot/.m2/repository/com/fasterxml/classmate/1.4.0/classmate-1.4.0.jar:/home/mans-not-hot/.m2/repository/org/springframework/spring-web/5.1.3.RELEASE/spring-web-5.1.3.RELEASE.jar:/home/mans-not-hot/.m2/repository/org/springframework/spring-beans/5.1.3.RELEASE/spring-beans-5.1.3.RELEASE.jar:/home/mans-not-hot/.m2/repository/org/springframework/spring-webflux/5.1.3.RELEASE/spring-webflux-5.1.3.RELEASE.jar:/home/mans-not-hot/.m2/repository/org/synchronoss/cloud/nio-multipart-parser/1.1.0/nio-multipart-parser-1.1.0.jar:/home/mans-not-hot/.m2/repository/org/synchronoss/cloud/nio-stream-storage/1.1.3/nio-stream-storage-1.1.3.jar:/home/mans-not-hot/.m2/repository/org/springframework/boot/spring-boot-starter-thymeleaf/2.1.1.RELEASE/spring-boot-starter-thymeleaf-2.1.1.RELEASE.jar:/home/mans-not-hot/.m2/repository/org/thymeleaf/thymeleaf-spring5/3.0.11.RELEASE/thymeleaf-spring5-3.0.11.RELEASE.jar:/home/mans-not-hot/.m2/repository/org/thymeleaf/thymeleaf/3.0.11.RELEASE/thymeleaf-3.0.11.RELEASE.jar:/home/mans-not-hot/.m2/repository/org/attoparser/attoparser/2.0.5.RELEASE/attoparser-2.0.5.RELEASE.jar:/home/mans-not-hot/.m2/repository/org/unbescape/unbescape/1.1.6.RELEASE/unbescape-1.1.6.RELEASE.jar:/home/mans-not-hot/.m2/repository/org/thymeleaf/extras/thymeleaf-extras-java8time/3.0.2.RELEASE/thymeleaf-extras-java8time-3.0.2.RELEASE.jar:/home/mans-not-hot/.m2/repository/org/springframework/boot/spring-boot-starter-actuator/2.1.1.RELEASE/spring-boot-starter-actuator-2.1.1.RELEASE.jar:/home/mans-not-hot/.m2/repository/org/springframework/boot/spring-boot-actuator-autoconfigure/2.1.1.RELEASE/spring-boot-actuator-autoconfigure-2.1.1.RELEASE.jar:/home/mans-not-hot/.m2/repository/org/springframework/boot/spring-boot-actuator/2.1.1.RELEASE/spring-boot-actuator-2.1.1.RELEASE.jar:/home/mans-not-hot/.m2/repository/io/micrometer/micrometer-core/1.1.1/micrometer-core-1.1.1.jar:/home/mans-not-hot/.m2/repository/org/hdrhistogram/HdrHistogram/2.1.9/HdrHistogram-2.1.9.jar:/home/mans-not-hot/.m2/repository/org/latencyutils/LatencyUtils/2.0.3/LatencyUtils-2.0.3.jar:/home/mans-not-hot/.m2/repository/io/projectreactor/addons/reactor-extra/3.2.0.RELEASE/reactor-extra-3.2.0.RELEASE.jar:/home/mans-not-hot/.m2/repository/io/projectreactor/reactor-core/3.2.3.RELEASE/reactor-core-3.2.3.RELEASE.jar:/home/mans-not-hot/.m2/repository/org/reactivestreams/reactive-streams/1.0.2/reactive-streams-1.0.2.jar:/home/mans-not-hot/.m2/repository/com/google/code/findbugs/jsr305/3.0.2/jsr305-3.0.2.jar:/home/mans-not-hot/.m2/repository/de/codecentric/spring-boot-admin-server-ui/2.1.1/spring-boot-admin-server-ui-2.1.1.jar:/home/mans-not-hot/.m2/repository/de/codecentric/spring-boot-admin-server-cloud/2.1.1/spring-boot-admin-server-cloud-2.1.1.jar:/home/mans-not-hot/.m2/repository/org/springframework/boot/spring-boot-starter-test/2.1.1.RELEASE/spring-boot-starter-test-2.1.1.RELEASE.jar:/home/mans-not-hot/.m2/repository/org/springframework/boot/spring-boot-starter/2.1.1.RELEASE/spring-boot-starter-2.1.1.RELEASE.jar:/home/mans-not-hot/.m2/repository/org/springframework/boot/spring-boot/2.1.1.RELEASE/spring-boot-2.1.1.RELEASE.jar:/home/mans-not-hot/.m2/repository/org/springframework/spring-context/5.1.3.RELEASE/spring-context-5.1.3.RELEASE.jar:/home/mans-not-hot/.m2/repository/org/springframework/spring-aop/5.1.3.RELEASE/spring-aop-5.1.3.RELEASE.jar:/home/mans-not-hot/.m2/repository/org/springframework/spring-expression/5.1.3.RELEASE/spring-expression-5.1.3.RELEASE.jar:/home/mans-not-hot/.m2/repository/org/springframework/boot/spring-boot-autoconfigure/2.1.1.RELEASE/spring-boot-autoconfigure-2.1.1.RELEASE.jar:/home/mans-not-hot/.m2/repository/org/springframework/boot/spring-boot-starter-logging/2.1.1.RELEASE/spring-boot-starter-logging-2.1.1.RELEASE.jar:/home/mans-not-hot/.m2/repository/ch/qos/logback/logback-classic/1.2.3/logback-classic-1.2.3.jar:/home/mans-not-hot/.m2/repository/ch/qos/logback/logback-core/1.2.3/logback-core-1.2.3.jar:/home/mans-not-hot/.m2/repository/org/apache/logging/log4j/log4j-to-slf4j/2.11.1/log4j-to-slf4j-2.11.1.jar:/home/mans-not-hot/.m2/repository/org/apache/logging/log4j/log4j-api/2.11.1/log4j-api-2.11.1.jar:/home/mans-not-hot/.m2/repository/org/slf4j/jul-to-slf4j/1.7.25/jul-to-slf4j-1.7.25.jar:/home/mans-not-hot/.m2/repository/javax/annotation/javax.annotation-api/1.3.2/javax.annotation-api-1.3.2.jar:/home/mans-not-hot/.m2/repository/org/yaml/snakeyaml/1.23/snakeyaml-1.23.jar:/home/mans-not-hot/.m2/repository/org/springframework/boot/spring-boot-test/2.1.1.RELEASE/spring-boot-test-2.1.1.RELEASE.jar:/home/mans-not-hot/.m2/repository/org/springframework/boot/spring-boot-test-autoconfigure/2.1.1.RELEASE/spring-boot-test-autoconfigure-2.1.1.RELEASE.jar:/home/mans-not-hot/.m2/repository/com/jayway/jsonpath/json-path/2.4.0/json-path-2.4.0.jar:/home/mans-not-hot/.m2/repository/net/minidev/json-smart/2.3/json-smart-2.3.jar:/home/mans-not-hot/.m2/repository/net/minidev/accessors-smart/1.2/accessors-smart-1.2.jar:/home/mans-not-hot/.m2/repository/org/ow2/asm/asm/5.0.4/asm-5.0.4.jar:/home/mans-not-hot/.m2/repository/org/slf4j/slf4j-api/1.7.25/slf4j-api-1.7.25.jar:/home/mans-not-hot/.m2/repository/junit/junit/4.12/junit-4.12.jar:/home/mans-not-hot/.m2/repository/org/assertj/assertj-core/3.11.1/assertj-core-3.11.1.jar:/home/mans-not-hot/.m2/repository/org/mockito/mockito-core/2.23.4/mockito-core-2.23.4.jar:/home/mans-not-hot/.m2/repository/net/bytebuddy/byte-buddy/1.9.5/byte-buddy-1.9.5.jar:/home/mans-not-hot/.m2/repository/net/bytebuddy/byte-buddy-agent/1.9.5/byte-buddy-agent-1.9.5.jar:/home/mans-not-hot/.m2/repository/org/objenesis/objenesis/2.6/objenesis-2.6.jar:/home/mans-not-hot/.m2/repository/org/hamcrest/hamcrest-core/1.3/hamcrest-core-1.3.jar:/home/mans-not-hot/.m2/repository/org/hamcrest/hamcrest-library/1.3/hamcrest-library-1.3.jar:/home/mans-not-hot/.m2/repository/org/skyscreamer/jsonassert/1.5.0/jsonassert-1.5.0.jar:/home/mans-not-hot/.m2/repository/com/vaadin/external/google/android-json/0.0.20131108.vaadin1/android-json-0.0.20131108.vaadin1.jar:/home/mans-not-hot/.m2/repository/org/springframework/spring-core/5.1.3.RELEASE/spring-core-5.1.3.RELEASE.jar:/home/mans-not-hot/.m2/repository/org/springframework/spring-jcl/5.1.3.RELEASE/spring-jcl-5.1.3.RELEASE.jar:/home/mans-not-hot/.m2/repository/org/springframework/spring-test/5.1.3.RELEASE/spring-test-5.1.3.RELEASE.jar:/home/mans-not-hot/.m2/repository/org/xmlunit/xmlunit-core/2.6.2/xmlunit-core-2.6.2.jar:/home/mans-not-hot/.m2/repository/javax/xml/bind/jaxb-api/2.3.1/jaxb-api-2.3.1.jar:/home/mans-not-hot/.m2/repository/javax/activation/javax.activation-api/1.2.0/javax.activation-api-1.2.0.jar:"/>
    <property name="java.vm.vendor" value="Oracle Corporation"/>
    <property name="sun.arch.data.model" value="64"/>
    <property name="java.vendor.url" value="http://java.oracle.com/"/>
    <property name="user.timezone" value=""/>
    <property name="java.vm.specification.version" value="10"/>
    <property name="os.name" value="Linux"/>
    <property name="sun.java.launcher" value="SUN_STANDARD"/>
    <property name="user.country" value="FR"/>
    <property name="sun.boot.library.path" value="/usr/lib/jvm/java-11-openjdk-amd64/lib"/>
    <property name="sun.java.command" value="/home/mans-not-hot/IdeaProjects/Banking/target/surefire/surefirebooter14891423061225358825.jar /home/mans-not-hot/IdeaProjects/Banking/target/surefire 2018-12-12T10-26-53_350-jvmRun1 surefire4475771320053838466tmp surefire_014606426846115636831tmp"/>
    <property name="jdk.debug" value="release"/>
    <property name="surefire.test.class.path" value="/home/mans-not-hot/IdeaProjects/Banking/target/test-classes:/home/mans-not-hot/IdeaProjects/Banking/target/classes:/home/mans-not-hot/.m2/repository/de/codecentric/spring-boot-admin-starter-server/2.1.1/spring-boot-admin-starter-server-2.1.1.jar:/home/mans-not-hot/.m2/repository/de/codecentric/spring-boot-admin-server/2.1.1/spring-boot-admin-server-2.1.1.jar:/home/mans-not-hot/.m2/repository/org/springframework/boot/spring-boot-starter-webflux/2.1.1.RELEASE/spring-boot-starter-webflux-2.1.1.RELEASE.jar:/home/mans-not-hot/.m2/repository/org/springframework/boot/spring-boot-starter-json/2.1.1.RELEASE/spring-boot-starter-json-2.1.1.RELEASE.jar:/home/mans-not-hot/.m2/repository/com/fasterxml/jackson/core/jackson-databind/2.9.7/jackson-databind-2.9.7.jar:/home/mans-not-hot/.m2/repository/com/fasterxml/jackson/core/jackson-annotations/2.9.0/jackson-annotations-2.9.0.jar:/home/mans-not-hot/.m2/repository/com/fasterxml/jackson/core/jackson-core/2.9.7/jackson-core-2.9.7.jar:/home/mans-not-hot/.m2/repository/com/fasterxml/jackson/datatype/jackson-datatype-jdk8/2.9.7/jackson-datatype-jdk8-2.9.7.jar:/home/mans-not-hot/.m2/repository/com/fasterxml/jackson/datatype/jackson-datatype-jsr310/2.9.7/jackson-datatype-jsr310-2.9.7.jar:/home/mans-not-hot/.m2/repository/com/fasterxml/jackson/module/jackson-module-parameter-names/2.9.7/jackson-module-parameter-names-2.9.7.jar:/home/mans-not-hot/.m2/repository/org/springframework/boot/spring-boot-starter-reactor-netty/2.1.1.RELEASE/spring-boot-starter-reactor-netty-2.1.1.RELEASE.jar:/home/mans-not-hot/.m2/repository/io/projectreactor/netty/reactor-netty/0.8.3.RELEASE/reactor-netty-0.8.3.RELEASE.jar:/home/mans-not-hot/.m2/repository/io/netty/netty-codec-http/4.1.31.Final/netty-codec-http-4.1.31.Final.jar:/home/mans-not-hot/.m2/repository/io/netty/netty-codec/4.1.31.Final/netty-codec-4.1.31.Final.jar:/home/mans-not-hot/.m2/repository/io/netty/netty-codec-http2/4.1.31.Final/netty-codec-http2-4.1.31.Final.jar:/home/mans-not-hot/.m2/repository/io/netty/netty-handler/4.1.31.Final/netty-handler-4.1.31.Final.jar:/home/mans-not-hot/.m2/repository/io/netty/netty-buffer/4.1.31.Final/netty-buffer-4.1.31.Final.jar:/home/mans-not-hot/.m2/repository/io/netty/netty-transport/4.1.31.Final/netty-transport-4.1.31.Final.jar:/home/mans-not-hot/.m2/repository/io/netty/netty-resolver/4.1.31.Final/netty-resolver-4.1.31.Final.jar:/home/mans-not-hot/.m2/repository/io/netty/netty-handler-proxy/4.1.31.Final/netty-handler-proxy-4.1.31.Final.jar:/home/mans-not-hot/.m2/repository/io/netty/netty-codec-socks/4.1.31.Final/netty-codec-socks-4.1.31.Final.jar:/home/mans-not-hot/.m2/repository/io/netty/netty-transport-native-epoll/4.1.31.Final/netty-transport-native-epoll-4.1.31.Final-linux-x86_64.jar:/home/mans-not-hot/.m2/repository/io/netty/netty-common/4.1.31.Final/netty-common-4.1.31.Final.jar:/home/mans-not-hot/.m2/repository/io/netty/netty-transport-native-unix-common/4.1.31.Final/netty-transport-native-unix-common-4.1.31.Final.jar:/home/mans-not-hot/.m2/repository/org/hibernate/validator/hibernate-validator/6.0.13.Final/hibernate-validator-6.0.13.Final.jar:/home/mans-not-hot/.m2/repository/javax/validation/validation-api/2.0.1.Final/validation-api-2.0.1.Final.jar:/home/mans-not-hot/.m2/repository/org/jboss/logging/jboss-logging/3.3.2.Final/jboss-logging-3.3.2.Final.jar:/home/mans-not-hot/.m2/repository/com/fasterxml/classmate/1.4.0/classmate-1.4.0.jar:/home/mans-not-hot/.m2/repository/org/springframework/spring-web/5.1.3.RELEASE/spring-web-5.1.3.RELEASE.jar:/home/mans-not-hot/.m2/repository/org/springframework/spring-beans/5.1.3.RELEASE/spring-beans-5.1.3.RELEASE.jar:/home/mans-not-hot/.m2/repository/org/springframework/spring-webflux/5.1.3.RELEASE/spring-webflux-5.1.3.RELEASE.jar:/home/mans-not-hot/.m2/repository/org/synchronoss/cloud/nio-multipart-parser/1.1.0/nio-multipart-parser-1.1.0.jar:/home/mans-not-hot/.m2/repository/org/synchronoss/cloud/nio-stream-storage/1.1.3/nio-stream-storage-1.1.3.jar:/home/mans-not-hot/.m2/repository/org/springframework/boot/spring-boot-starter-thymeleaf/2.1.1.RELEASE/spring-boot-starter-thymeleaf-2.1.1.RELEASE.jar:/home/mans-not-hot/.m2/repository/org/thymeleaf/thymeleaf-spring5/3.0.11.RELEASE/thymeleaf-spring5-3.0.11.RELEASE.jar:/home/mans-not-hot/.m2/repository/org/thymeleaf/thymeleaf/3.0.11.RELEASE/thymeleaf-3.0.11.RELEASE.jar:/home/mans-not-hot/.m2/repository/org/attoparser/attoparser/2.0.5.RELEASE/attoparser-2.0.5.RELEASE.jar:/home/mans-not-hot/.m2/repository/org/unbescape/unbescape/1.1.6.RELEASE/unbescape-1.1.6.RELEASE.jar:/home/mans-not-hot/.m2/repository/org/thymeleaf/extras/thymeleaf-extras-java8time/3.0.2.RELEASE/thymeleaf-extras-java8time-3.0.2.RELEASE.jar:/home/mans-not-hot/.m2/repository/org/springframework/boot/spring-boot-starter-actuator/2.1.1.RELEASE/spring-boot-starter-actuator-2.1.1.RELEASE.jar:/home/mans-not-hot/.m2/repository/org/springframework/boot/spring-boot-actuator-autoconfigure/2.1.1.RELEASE/spring-boot-actuator-autoconfigure-2.1.1.RELEASE.jar:/home/mans-not-hot/.m2/repository/org/springframework/boot/spring-boot-actuator/2.1.1.RELEASE/spring-boot-actuator-2.1.1.RELEASE.jar:/home/mans-not-hot/.m2/repository/io/micrometer/micrometer-core/1.1.1/micrometer-core-1.1.1.jar:/home/mans-not-hot/.m2/repository/org/hdrhistogram/HdrHistogram/2.1.9/HdrHistogram-2.1.9.jar:/home/mans-not-hot/.m2/repository/org/latencyutils/LatencyUtils/2.0.3/LatencyUtils-2.0.3.jar:/home/mans-not-hot/.m2/repository/io/projectreactor/addons/reactor-extra/3.2.0.RELEASE/reactor-extra-3.2.0.RELEASE.jar:/home/mans-not-hot/.m2/repository/io/projectreactor/reactor-core/3.2.3.RELEASE/reactor-core-3.2.3.RELEASE.jar:/home/mans-not-hot/.m2/repository/org/reactivestreams/reactive-streams/1.0.2/reactive-streams-1.0.2.jar:/home/mans-not-hot/.m2/repository/com/google/code/findbugs/jsr305/3.0.2/jsr305-3.0.2.jar:/home/mans-not-hot/.m2/repository/de/codecentric/spring-boot-admin-server-ui/2.1.1/spring-boot-admin-server-ui-2.1.1.jar:/home/mans-not-hot/.m2/repository/de/codecentric/spring-boot-admin-server-cloud/2.1.1/spring-boot-admin-server-cloud-2.1.1.jar:/home/mans-not-hot/.m2/repository/org/springframework/boot/spring-boot-starter-test/2.1.1.RELEASE/spring-boot-starter-test-2.1.1.RELEASE.jar:/home/mans-not-hot/.m2/repository/org/springframework/boot/spring-boot-starter/2.1.1.RELEASE/spring-boot-starter-2.1.1.RELEASE.jar:/home/mans-not-hot/.m2/repository/org/springframework/boot/spring-boot/2.1.1.RELEASE/spring-boot-2.1.1.RELEASE.jar:/home/mans-not-hot/.m2/repository/org/springframework/spring-context/5.1.3.RELEASE/spring-context-5.1.3.RELEASE.jar:/home/mans-not-hot/.m2/repository/org/springframework/spring-aop/5.1.3.RELEASE/spring-aop-5.1.3.RELEASE.jar:/home/mans-not-hot/.m2/repository/org/springframework/spring-expression/5.1.3.RELEASE/spring-expression-5.1.3.RELEASE.jar:/home/mans-not-hot/.m2/repository/org/springframework/boot/spring-boot-autoconfigure/2.1.1.RELEASE/spring-boot-autoconfigure-2.1.1.RELEASE.jar:/home/mans-not-hot/.m2/repository/org/springframework/boot/spring-boot-starter-logging/2.1.1.RELEASE/spring-boot-starter-logging-2.1.1.RELEASE.jar:/home/mans-not-hot/.m2/repository/ch/qos/logback/logback-classic/1.2.3/logback-classic-1.2.3.jar:/home/mans-not-hot/.m2/repository/ch/qos/logback/logback-core/1.2.3/logback-core-1.2.3.jar:/home/mans-not-hot/.m2/repository/org/apache/logging/log4j/log4j-to-slf4j/2.11.1/log4j-to-slf4j-2.11.1.jar:/home/mans-not-hot/.m2/repository/org/apache/logging/log4j/log4j-api/2.11.1/log4j-api-2.11.1.jar:/home/mans-not-hot/.m2/repository/org/slf4j/jul-to-slf4j/1.7.25/jul-to-slf4j-1.7.25.jar:/home/mans-not-hot/.m2/repository/javax/annotation/javax.annotation-api/1.3.2/javax.annotation-api-1.3.2.jar:/home/mans-not-hot/.m2/repository/org/yaml/snakeyaml/1.23/snakeyaml-1.23.jar:/home/mans-not-hot/.m2/repository/org/springframework/boot/spring-boot-test/2.1.1.RELEASE/spring-boot-test-2.1.1.RELEASE.jar:/home/mans-not-hot/.m2/repository/org/springframework/boot/spring-boot-test-autoconfigure/2.1.1.RELEASE/spring-boot-test-autoconfigure-2.1.1.RELEASE.jar:/home/mans-not-hot/.m2/repository/com/jayway/jsonpath/json-path/2.4.0/json-path-2.4.0.jar:/home/mans-not-hot/.m2/repository/net/minidev/json-smart/2.3/json-smart-2.3.jar:/home/mans-not-hot/.m2/repository/net/minidev/accessors-smart/1.2/accessors-smart-1.2.jar:/home/mans-not-hot/.m2/repository/org/ow2/asm/asm/5.0.4/asm-5.0.4.jar:/home/mans-not-hot/.m2/repository/org/slf4j/slf4j-api/1.7.25/slf4j-api-1.7.25.jar:/home/mans-not-hot/.m2/repository/junit/junit/4.12/junit-4.12.jar:/home/mans-not-hot/.m2/repository/org/assertj/assertj-core/3.11.1/assertj-core-3.11.1.jar:/home/mans-not-hot/.m2/repository/org/mockito/mockito-core/2.23.4/mockito-core-2.23.4.jar:/home/mans-not-hot/.m2/repository/net/bytebuddy/byte-buddy/1.9.5/byte-buddy-1.9.5.jar:/home/mans-not-hot/.m2/repository/net/bytebuddy/byte-buddy-agent/1.9.5/byte-buddy-agent-1.9.5.jar:/home/mans-not-hot/.m2/repository/org/objenesis/objenesis/2.6/objenesis-2.6.jar:/home/mans-not-hot/.m2/repository/org/hamcrest/hamcrest-core/1.3/hamcrest-core-1.3.jar:/home/mans-not-hot/.m2/repository/org/hamcrest/hamcrest-library/1.3/hamcrest-library-1.3.jar:/home/mans-not-hot/.m2/repository/org/skyscreamer/jsonassert/1.5.0/jsonassert-1.5.0.jar:/home/mans-not-hot/.m2/repository/com/vaadin/external/google/android-json/0.0.20131108.vaadin1/android-json-0.0.20131108.vaadin1.jar:/home/mans-not-hot/.m2/repository/org/springframework/spring-core/5.1.3.RELEASE/spring-core-5.1.3.RELEASE.jar:/home/mans-not-hot/.m2/repository/org/springframework/spring-jcl/5.1.3.RELEASE/spring-jcl-5.1.3.RELEASE.jar:/home/mans-not-hot/.m2/repository/org/springframework/spring-test/5.1.3.RELEASE/spring-test-5.1.3.RELEASE.jar:/home/mans-not-hot/.m2/repository/org/xmlunit/xmlunit-core/2.6.2/xmlunit-core-2.6.2.jar:/home/mans-not-hot/.m2/repository/javax/xml/bind/jaxb-api/2.3.1/jaxb-api-2.3.1.jar:/home/mans-not-hot/.m2/repository/javax/activation/javax.activation-api/1.2.0/javax.activation-api-1.2.0.jar:"/>
    <property name="sun.cpu.endian" value="little"/>
    <property name="user.home" value="/home/mans-not-hot"/>
    <property name="user.language" value="fr"/>
    <property name="java.specification.vendor" value="Oracle Corporation"/>
    <property name="java.version.date" value="2018-07-17"/>
    <property name="java.home" value="/usr/lib/jvm/java-11-openjdk-amd64"/>
    <property name="file.separator" value="/"/>
    <property name="basedir" value="/home/mans-not-hot/IdeaProjects/Banking"/>
    <property name="java.vm.compressedOopsMode" value="Zero based"/>
    <property name="line.separator" value="&#10;"/>
    <property name="java.specification.name" value="Java Platform API Specification"/>
    <property name="java.vm.specification.vendor" value="Oracle Corporation"/>
    <property name="java.awt.graphicsenv" value="sun.awt.X11GraphicsEnvironment"/>
    <property name="surefire.real.class.path" value="/home/mans-not-hot/IdeaProjects/Banking/target/surefire/surefirebooter14891423061225358825.jar"/>
    <property name="sun.management.compiler" value="HotSpot 64-Bit Tiered Compilers"/>
    <property name="java.runtime.version" value="10.0.2+13-Ubuntu-1ubuntu0.18.04.4"/>
    <property name="user.name" value="mans-not-hot"/>
    <property name="path.separator" value=":"/>
    <property name="os.version" value="4.15.0-42-generic"/>
    <property name="java.runtime.name" value="OpenJDK Runtime Environment"/>
    <property name="file.encoding" value="UTF-8"/>
    <property name="java.vm.name" value="OpenJDK 64-Bit Server VM"/>
    <property name="localRepository" value="/home/mans-not-hot/.m2/repository"/>
    <property name="java.vendor.url.bug" value="http://bugreport.java.com/bugreport/"/>
    <property name="java.io.tmpdir" value="/tmp"/>
    <property name="java.version" value="10.0.2"/>
    <property name="user.dir" value="/home/mans-not-hot/IdeaProjects/Banking"/>
    <property name="os.arch" value="amd64"/>
    <property name="java.vm.specification.name" value="Java Virtual Machine Specification"/>
    <property name="java.awt.printerjob" value="sun.print.PSPrinterJob"/>
    <property name="sun.os.patch.level" value="unknown"/>
    <property name="java.library.path" value="/usr/java/packages/lib:/usr/lib/x86_64-linux-gnu/jni:/lib/x86_64-linux-gnu:/usr/lib/x86_64-linux-gnu:/usr/lib/jni:/lib:/usr/lib"/>
    <property name="java.vendor" value="Oracle Corporation"/>
    <property name="java.vm.info" value="mixed mode"/>
    <property name="java.vm.version" value="10.0.2+13-Ubuntu-1ubuntu0.18.04.4"/>
    <property name="sun.io.unicode.encoding" value="UnicodeLittle"/>
    <property name="java.class.version" value="54.0"/>
  </properties>
  <testcase name="contextLoads" classname="Banking.Banking.BankingApplicationTests" time="0.283"/>
</testsuite>